num_of_point: 78 D:6
name: ROBERT
id: 0	num: 33	D: 13	C: 0.307692	L: 237.000000	coop:  32	years: 1	infl: 0.613213	Topsis: 0.337320 Topsis2: 0.494893
name: MALCOLM
id: 1	num: 14	D: 7	C: 0.476190	L: 232.000000	coop:  13	years: 2	infl: 0.503899	Topsis: 0.365348 Topsis2: 0.352137
name: WILLIAM
id: 2	num: 158	D: 43	C: 0.117386	L: 184.000000	coop:  157	years: 3	infl: 0.718945	Topsis: 0.711923 Topsis2: 0.632968
name: JOHN
id: 3	num: 3	D: 2	C: 0.000000	L: 226.000000	coop:  2	years: 4	infl: 0.547840	Topsis: 0.400619 Topsis2: 0.409520
name: DEAD PAGE BOY
id: 4	num: 2	D: 2	C: 1.000000	L: 190.000000	coop:  1	years: 5	infl: 0.538636	Topsis: 0.659025 Topsis2: 0.397501
name: MACCLANNOUGH
id: 5	num: 12	D: 5	C: 0.500000	L: 178.000000	coop:  11	years: 6	infl: 0.624131	Topsis: 0.768388 Topsis2: 0.509149
name: CAMPBELL
id: 6	num: 22	D: 16	C: 0.141667	L: 157.000000	coop:  21	years: 7	infl: 0.636075	Topsis: 1.000000 Topsis2: 0.524747
name: CAMPBELL (AND OTHERS)
id: 7	num: 2	D: 2	C: 1.000000	L: 247.000000	coop:  1	years: 8	infl: 0.566868	Topsis: 0.284668 Topsis2: 0.434369
name: HAMISH
id: 8	num: 47	D: 14	C: 0.329670	L: 182.000000	coop:  46	years: 9	infl: 0.722212	Topsis: 0.730331 Topsis2: 0.637234
name: BOYS
id: 9	num: 2	D: 1	C: 0.000000	L: 193.000000	coop:  1	years: 10	infl: 0.711923	Topsis: 0.633809 Topsis2: 0.623798
name: PRIEST
id: 10	num: 2	D: 2	C: 0.000000	L: 225.000000	coop:  1	years: 11	infl: 0.874574	Topsis: 0.406680 Topsis2: 0.836205
name: EVERYONE
id: 11	num: 3	D: 4	C: 0.333333	L: 180.000000	coop:  2	years: 12	infl: 0.659976	Topsis: 0.749148 Topsis2: 0.555960
name: ARGYLE
id: 12	num: 5	D: 4	C: 0.166667	L: 185.000000	coop:  4	years: 13	infl: 0.529849	Topsis: 0.702869 Topsis2: 0.386027
name: ARGYLE&WILLIAM
id: 13	num: 2	D: 2	C: 0.000000	L: 259.000000	coop:  1	years: 14	infl: 0.676700	Topsis: 0.226852 Topsis2: 0.577800
name: DEAD MALCOLM
id: 14	num: 2	D: 2	C: 0.000000	L: 191.000000	coop:  1	years: 15	infl: 0.469387	Topsis: 0.650532 Topsis2: 0.307069
name: NARRATOR
id: 15	num: 4	D: 4	C: 0.166667	L: 221.000000	coop:  3	years: 16	infl: 0.553443	Topsis: 0.431474 Topsis2: 0.416838
name: PRINCE
id: 16	num: 16	D: 8	C: 0.464286	L: 281.000000	coop:  15	years: 17	infl: 0.593554	Topsis: 0.133681 Topsis2: 0.469219
name: LONGSHANKS
id: 17	num: 35	D: 15	C: 0.161905	L: 162.000000	coop:  34	years: 18	infl: 0.572374	Topsis: 0.939408 Topsis2: 0.441560
name: ISABELLA
id: 18	num: 35	D: 8	C: 0.392857	L: 169.000000	coop:  34	years: 19	infl: 0.730692	Topsis: 0.860602 Topsis2: 0.648308
name: ADVISOR
id: 19	num: 2	D: 1	C: 0.000000	L: 238.000000	coop:  1	years: 20	infl: 0.939408	Topsis: 0.331855 Topsis2: 0.920872
name: ADVISER
id: 20	num: 2	D: 1	C: 0.000000	L: 238.000000	coop:  1	years: 21	infl: 0.939408	Topsis: 0.331855 Topsis2: 0.920872
name: ROBERT THE BRUCE
id: 21	num: 4	D: 3	C: 0.000000	L: 220.000000	coop:  3	years: 22	infl: 0.666352	Topsis: 0.437814 Topsis2: 0.564286
name: CRAIG
id: 22	num: 25	D: 16	C: 0.275000	L: 173.000000	coop:  24	years: 23	infl: 0.629058	Topsis: 0.818433 Topsis2: 0.515584
name: MAN
id: 23	num: 3	D: 4	C: 0.500000	L: 180.000000	coop:  2	years: 24	infl: 0.720017	Topsis: 0.749148 Topsis2: 0.634368
name: GIRL
id: 24	num: 2	D: 1	C: 0.000000	L: 193.000000	coop:  1	years: 25	infl: 0.711923	Topsis: 0.633809 Topsis2: 0.623798
name: LORD BOTTOMS
id: 25	num: 5	D: 4	C: 0.166667	L: 186.000000	coop:  4	years: 26	infl: 0.537068	Topsis: 0.693911 Topsis2: 0.395453
name: SCOTTISH MAN
id: 26	num: 3	D: 3	C: 0.333333	L: 211.000000	coop:  2	years: 27	infl: 0.808081	Topsis: 0.497572 Topsis2: 0.749371
name: MRS. MACCLANNOUGH
id: 27	num: 5	D: 2	C: 1.000000	L: 189.000000	coop:  4	years: 28	infl: 0.735319	Topsis: 0.667608 Topsis2: 0.654351
name: MURRON
id: 28	num: 31	D: 8	C: 0.464286	L: 179.000000	coop:  30	years: 29	infl: 0.650404	Topsis: 0.758714 Topsis2: 0.543460
name: SMYTHE
id: 29	num: 6	D: 4	C: 0.333333	L: 184.000000	coop:  5	years: 30	infl: 0.501690	Topsis: 0.711923 Topsis2: 0.349253
name: SOLDIER
id: 30	num: 3	D: 4	C: 0.333333	L: 244.000000	coop:  2	years: 31	infl: 0.615219	Topsis: 0.300010 Topsis2: 0.497512
name: SOLDIER A
id: 31	num: 2	D: 2	C: 0.000000	L: 257.000000	coop:  1	years: 32	infl: 0.355962	Topsis: 0.236113 Topsis2: 0.158945
name: -SOLDIER B
id: 32	num: 2	D: 2	C: 0.000000	L: 320.000000	coop:  1	years: 33	infl: 0.260390	Topsis: 0.000000 Topsis2: 0.034138
name: SOLDIER C
id: 33	num: 2	D: 2	C: 0.000000	L: 247.000000	coop:  1	years: 34	infl: 0.379357	Topsis: 0.284668 Topsis2: 0.189498
name: MAGISTRATE
id: 34	num: 3	D: 4	C: 0.333333	L: 182.000000	coop:  2	years: 35	infl: 0.567960	Topsis: 0.730331 Topsis2: 0.435796
name: WATCHMAN
id: 35	num: 2	D: 2	C: 1.000000	L: 252.000000	coop:  1	years: 36	infl: 0.515171	Topsis: 0.259908 Topsis2: 0.366858
name: CROWD OF SOCTSMAN
id: 36	num: 2	D: 1	C: 0.000000	L: 233.000000	coop:  1	years: 37	infl: 1.000000	Topsis: 0.359646 Topsis2: 1.000000
name: WATCH GUARD
id: 37	num: 2	D: 2	C: 0.000000	L: 228.000000	coop:  1	years: 38	infl: 0.855962	Topsis: 0.388656 Topsis2: 0.811899
name: MORRISON
id: 38	num: 6	D: 5	C: 0.300000	L: 184.000000	coop:  5	years: 39	infl: 0.635071	Topsis: 0.711923 Topsis2: 0.523436
name: MACGREGORS
id: 39	num: 3	D: 3	C: 0.333333	L: 183.000000	coop:  2	years: 40	infl: 0.650907	Topsis: 0.721077 Topsis2: 0.544117
name: WILLIAM&COMPELL
id: 40	num: 2	D: 2	C: 0.000000	L: 256.000000	coop:  1	years: 41	infl: 0.473964	Topsis: 0.240798 Topsis2: 0.313046
name:  ENGLISH SOLIDER
id: 41	num: 2	D: 2	C: 0.000000	L: 259.000000	coop:  1	years: 42	infl: 0.467354	Topsis: 0.226852 Topsis2: 0.304414
name: NICOLETTE
id: 42	num: 7	D: 4	C: 0.333333	L: 183.000000	coop:  6	years: 43	infl: 0.489121	Topsis: 0.721077 Topsis2: 0.332839
name: ENGLISH SOLIDER
id: 43	num: 2	D: 2	C: 0.000000	L: 254.000000	coop:  1	years: 44	infl: 0.537535	Topsis: 0.250278 Topsis2: 0.396063
name: ENGLISH LEADER
id: 44	num: 2	D: 2	C: 0.000000	L: 234.000000	coop:  1	years: 45	infl: 0.293799	Topsis: 0.353993 Topsis2: 0.077766
name: LEPER
id: 45	num: 14	D: 4	C: 0.166667	L: 204.000000	coop:  13	years: 46	infl: 0.463438	Topsis: 0.547696 Topsis2: 0.299300
name: GUARD
id: 46	num: 7	D: 6	C: 0.266667	L: 193.000000	coop:  6	years: 47	infl: 0.740843	Topsis: 0.633809 Topsis2: 0.661565
name: FAUDRON
id: 47	num: 4	D: 2	C: 0.000000	L: 191.000000	coop:  3	years: 48	infl: 0.672866	Topsis: 0.650532 Topsis2: 0.572793
name: STEPHEN
id: 48	num: 21	D: 12	C: 0.303030	L: 159.000000	coop:  20	years: 49	infl: 0.771685	Topsis: 0.975306 Topsis2: 0.701842
name: RUNNER
id: 49	num: 2	D: 2	C: 1.000000	L: 191.000000	coop:  1	years: 50	infl: 0.711923	Topsis: 0.650532 Topsis2: 0.623798
name: MORNAY
id: 50	num: 17	D: 12	C: 0.272727	L: 169.000000	coop:  16	years: 51	infl: 0.612654	Topsis: 0.860602 Topsis2: 0.494162
name: HORSEMAN
id: 51	num: 4	D: 2	C: 1.000000	L: 232.000000	coop:  3	years: 52	infl: 0.839518	Topsis: 0.365348 Topsis2: 0.790425
name: LOCHLAN
id: 52	num: 7	D: 5	C: 0.800000	L: 185.000000	coop:  6	years: 53	infl: 0.798077	Topsis: 0.702869 Topsis2: 0.736308
name: YOUNG SOLIDER
id: 53	num: 6	D: 5	C: 0.800000	L: 181.000000	coop:  5	years: 54	infl: 0.759339	Topsis: 0.739687 Topsis2: 0.685719
name: VETERAN SOLIDER
id: 54	num: 6	D: 5	C: 0.800000	L: 185.000000	coop:  5	years: 55	infl: 0.798077	Topsis: 0.702869 Topsis2: 0.736308
name: SCOTS
id: 55	num: 2	D: 2	C: 1.000000	L: 192.000000	coop:  1	years: 56	infl: 0.725805	Topsis: 0.642127 Topsis2: 0.641927
name: ENGLISH GENERAL
id: 56	num: 9	D: 5	C: 0.600000	L: 181.000000	coop:  8	years: 57	infl: 0.752683	Topsis: 0.739687 Topsis2: 0.677027
name: CHELTHAM
id: 57	num: 9	D: 5	C: 0.600000	L: 182.000000	coop:  8	years: 58	infl: 0.803570	Topsis: 0.730331 Topsis2: 0.743480
name: BALLIOLS SUPPORTER
id: 58	num: 5	D: 3	C: 1.000000	L: 183.000000	coop:  4	years: 59	infl: 0.796986	Topsis: 0.721077 Topsis2: 0.734883
name: ROYAL GOVERNOR OF YORK
id: 59	num: 5	D: 2	C: 1.000000	L: 190.000000	coop:  4	years: 60	infl: 0.730536	Topsis: 0.659025 Topsis2: 0.648104
name: SOLIDER
id: 60	num: 7	D: 5	C: 0.500000	L: 180.000000	coop:  6	years: 61	infl: 0.561877	Topsis: 0.749148 Topsis2: 0.427852
name: PHILIP
id: 61	num: 6	D: 3	C: 1.000000	L: 232.000000	coop:  5	years: 62	infl: 0.607412	Topsis: 0.365348 Topsis2: 0.487317
name: HAMILTON
id: 62	num: 6	D: 3	C: 1.000000	L: 182.000000	coop:  5	years: 63	infl: 0.837311	Topsis: 0.730331 Topsis2: 0.787543
name: NOBLE
id: 63	num: 3	D: 4	C: 0.333333	L: 214.000000	coop:  2	years: 64	infl: 0.692212	Topsis: 0.477094 Topsis2: 0.598057
name: LEPEL
id: 64	num: 2	D: 1	C: 0.000000	L: 237.000000	coop:  1	years: 65	infl: 0.337320	Topsis: 0.337320 Topsis2: 0.134601
name: MACGREGOR
id: 65	num: 2	D: 2	C: 0.000000	L: 229.000000	coop:  1	years: 66	infl: 0.639014	Topsis: 0.382752 Topsis2: 0.528585
name: GENERAL
id: 66	num: 8	D: 5	C: 0.500000	L: 174.000000	coop:  7	years: 67	infl: 0.664721	Topsis: 0.808194 Topsis2: 0.562156
name: ENGLISH COMMANDER
id: 67	num: 2	D: 2	C: 1.000000	L: 233.000000	coop:  1	years: 68	infl: 0.873801	Topsis: 0.359646 Topsis2: 0.835196
name: MORNAY'S MEN
id: 68	num: 2	D: 2	C: 0.000000	L: 243.000000	coop:  1	years: 69	infl: 0.604495	Topsis: 0.305208 Topsis2: 0.483507
name: SCOTISH NOBLE
id: 69	num: 2	D: 2	C: 0.000000	L: 235.000000	coop:  1	years: 70	infl: 0.561821	Topsis: 0.348388 Topsis2: 0.427779
name: COMMON SCOT A
id: 70	num: 2	D: 2	C: 0.000000	L: 286.000000	coop:  1	years: 71	infl: 0.270653	Topsis: 0.114505 Topsis2: 0.047541
name: COMMON SCOT B
id: 71	num: 2	D: 2	C: 0.000000	L: 300.000000	coop:  1	years: 72	infl: 0.234249	Topsis: 0.064213 Topsis2: 0.000000
name: COMMON SCOT C
id: 72	num: 2	D: 2	C: 0.000000	L: 234.000000	coop:  1	years: 73	infl: 0.501810	Topsis: 0.353993 Topsis2: 0.349410
name: ASSASSIN
id: 73	num: 2	D: 2	C: 1.000000	L: 184.000000	coop:  1	years: 74	infl: 0.825665	Topsis: 0.711923 Topsis2: 0.772335
name: EXECUTIONER
id: 74	num: 7	D: 7	C: 0.380952	L: 177.000000	coop:  6	years: 75	infl: 0.674896	Topsis: 0.778171 Topsis2: 0.575444
name: COMMON MAN
id: 75	num: 2	D: 2	C: 1.000000	L: 191.000000	coop:  1	years: 76	infl: 0.745047	Topsis: 0.650532 Topsis2: 0.667055
name: CROWD
id: 76	num: 3	D: 3	C: 1.000000	L: 187.000000	coop:  2	years: 77	infl: 0.740142	Topsis: 0.685050 Topsis2: 0.660649
name: ENGLISH NOBLE
id: 77	num: 2	D: 2	C: 1.000000	L: 223.000000	coop:  1	years: 78	infl: 0.577877	Topsis: 0.418966 Topsis2: 0.448746
