num_of_point: 78 D:6
name: WILLIAM
id: 2	num: 158	D: 43	C: 0.117386	L: 184.000000	coop:  157	years: 3	infl: 0.075730	Topsis: 1.000000 Topsis2: 1.000000
name: HAMISH
id: 8	num: 47	D: 14	C: 0.329670	L: 182.000000	coop:  46	years: 9	infl: 0.144689	Topsis: 0.288462 Topsis2: 0.309524
name: LONGSHANKS
id: 17	num: 35	D: 15	C: 0.161905	L: 162.000000	coop:  34	years: 18	infl: 0.123077	Topsis: 0.211538 Topsis2: 0.333333
name: ISABELLA
id: 18	num: 35	D: 8	C: 0.392857	L: 169.000000	coop:  34	years: 19	infl: 0.205128	Topsis: 0.211538 Topsis2: 0.166667
name: ROBERT
id: 0	num: 33	D: 13	C: 0.307692	L: 237.000000	coop:  32	years: 1	infl: 0.140533	Topsis: 0.198718 Topsis2: 0.285714
name: MURRON
id: 28	num: 31	D: 8	C: 0.464286	L: 179.000000	coop:  30	years: 29	infl: 0.178686	Topsis: 0.185897 Topsis2: 0.166667
name: CRAIG
id: 22	num: 25	D: 16	C: 0.275000	L: 173.000000	coop:  24	years: 23	infl: 0.125801	Topsis: 0.147436 Topsis2: 0.357143
name: CAMPBELL
id: 6	num: 22	D: 16	C: 0.141667	L: 157.000000	coop:  21	years: 7	infl: 0.137821	Topsis: 0.128205 Topsis2: 0.357143
name: STEPHEN
id: 48	num: 21	D: 12	C: 0.303030	L: 159.000000	coop:  20	years: 49	infl: 0.180556	Topsis: 0.121795 Topsis2: 0.261905
name: MORNAY
id: 50	num: 17	D: 12	C: 0.272727	L: 169.000000	coop:  16	years: 51	infl: 0.129808	Topsis: 0.096154 Topsis2: 0.261905
name: PRINCE
id: 16	num: 16	D: 8	C: 0.464286	L: 281.000000	coop:  15	years: 17	infl: 0.086538	Topsis: 0.089744 Topsis2: 0.166667
name: LEPER
id: 45	num: 14	D: 4	C: 0.166667	L: 204.000000	coop:  13	years: 46	infl: 0.104167	Topsis: 0.076923 Topsis2: 0.071429
name: MALCOLM
id: 1	num: 14	D: 7	C: 0.476190	L: 232.000000	coop:  13	years: 2	infl: 0.192308	Topsis: 0.076923 Topsis2: 0.142857
name: MACCLANNOUGH
id: 5	num: 12	D: 5	C: 0.500000	L: 178.000000	coop:  11	years: 6	infl: 0.278205	Topsis: 0.064103 Topsis2: 0.095238
name: ENGLISH GENERAL
id: 56	num: 9	D: 5	C: 0.600000	L: 181.000000	coop:  8	years: 57	infl: 0.257692	Topsis: 0.044872 Topsis2: 0.095238
name: CHELTHAM
id: 57	num: 9	D: 5	C: 0.600000	L: 182.000000	coop:  8	years: 58	infl: 0.310256	Topsis: 0.044872 Topsis2: 0.095238
name: GENERAL
id: 66	num: 8	D: 5	C: 0.500000	L: 174.000000	coop:  7	years: 67	infl: 0.306410	Topsis: 0.038462 Topsis2: 0.095238
name: EXECUTIONER
id: 74	num: 7	D: 7	C: 0.380952	L: 177.000000	coop:  6	years: 75	infl: 0.235348	Topsis: 0.032051 Topsis2: 0.142857
name: SOLIDER
id: 60	num: 7	D: 5	C: 0.500000	L: 180.000000	coop:  6	years: 61	infl: 0.269231	Topsis: 0.032051 Topsis2: 0.095238
name: NICOLETTE
id: 42	num: 7	D: 4	C: 0.333333	L: 183.000000	coop:  6	years: 43	infl: 0.325321	Topsis: 0.032051 Topsis2: 0.071429
name: LOCHLAN
id: 52	num: 7	D: 5	C: 0.800000	L: 185.000000	coop:  6	years: 53	infl: 0.253846	Topsis: 0.032051 Topsis2: 0.095238
name: GUARD
id: 46	num: 7	D: 6	C: 0.266667	L: 193.000000	coop:  6	years: 47	infl: 0.121795	Topsis: 0.032051 Topsis2: 0.119048
name: YOUNG SOLIDER
id: 53	num: 6	D: 5	C: 0.800000	L: 181.000000	coop:  5	years: 54	infl: 0.260256	Topsis: 0.025641 Topsis2: 0.095238
name: HAMILTON
id: 62	num: 6	D: 3	C: 1.000000	L: 182.000000	coop:  5	years: 63	infl: 0.474359	Topsis: 0.025641 Topsis2: 0.047619
name: SMYTHE
id: 29	num: 6	D: 4	C: 0.333333	L: 184.000000	coop:  5	years: 30	infl: 0.298077	Topsis: 0.025641 Topsis2: 0.071429
name: MORRISON
id: 38	num: 6	D: 5	C: 0.300000	L: 184.000000	coop:  5	years: 39	infl: 0.261538	Topsis: 0.025641 Topsis2: 0.095238
name: VETERAN SOLIDER
id: 54	num: 6	D: 5	C: 0.800000	L: 185.000000	coop:  5	years: 55	infl: 0.255128	Topsis: 0.025641 Topsis2: 0.095238
name: PHILIP
id: 61	num: 6	D: 3	C: 1.000000	L: 232.000000	coop:  5	years: 62	infl: 0.111111	Topsis: 0.025641 Topsis2: 0.047619
name: BALLIOLS SUPPORTER
id: 58	num: 5	D: 3	C: 1.000000	L: 183.000000	coop:  4	years: 59	infl: 0.414530	Topsis: 0.019231 Topsis2: 0.047619
name: ARGYLE
id: 12	num: 5	D: 4	C: 0.166667	L: 185.000000	coop:  4	years: 13	infl: 0.254808	Topsis: 0.019231 Topsis2: 0.071429
name: LORD BOTTOMS
id: 25	num: 5	D: 4	C: 0.166667	L: 186.000000	coop:  4	years: 26	infl: 0.258013	Topsis: 0.019231 Topsis2: 0.071429
name: MRS. MACCLANNOUGH
id: 27	num: 5	D: 2	C: 1.000000	L: 189.000000	coop:  4	years: 28	infl: 0.592949	Topsis: 0.019231 Topsis2: 0.023810
name: ROYAL GOVERNOR OF YORK
id: 59	num: 5	D: 2	C: 1.000000	L: 190.000000	coop:  4	years: 60	infl: 0.516026	Topsis: 0.019231 Topsis2: 0.023810
name: FAUDRON
id: 47	num: 4	D: 2	C: 0.000000	L: 191.000000	coop:  3	years: 48	infl: 0.516026	Topsis: 0.012821 Topsis2: 0.023810
name: ROBERT THE BRUCE
id: 21	num: 4	D: 3	C: 0.000000	L: 220.000000	coop:  3	years: 22	infl: 0.055556	Topsis: 0.012821 Topsis2: 0.047619
name: NARRATOR
id: 15	num: 4	D: 4	C: 0.166667	L: 221.000000	coop:  3	years: 16	infl: 0.083333	Topsis: 0.012821 Topsis2: 0.071429
name: HORSEMAN
id: 51	num: 4	D: 2	C: 1.000000	L: 232.000000	coop:  3	years: 52	infl: 0.121795	Topsis: 0.012821 Topsis2: 0.023810
name: MAN
id: 23	num: 3	D: 4	C: 0.500000	L: 180.000000	coop:  2	years: 24	infl: 0.357372	Topsis: 0.006410 Topsis2: 0.071429
name: EVERYONE
id: 11	num: 3	D: 4	C: 0.333333	L: 180.000000	coop:  2	years: 12	infl: 0.291667	Topsis: 0.006410 Topsis2: 0.071429
name: MAGISTRATE
id: 34	num: 3	D: 4	C: 0.333333	L: 182.000000	coop:  2	years: 35	infl: 0.283654	Topsis: 0.006410 Topsis2: 0.071429
name: MACGREGORS
id: 39	num: 3	D: 3	C: 0.333333	L: 183.000000	coop:  2	years: 40	infl: 0.376068	Topsis: 0.006410 Topsis2: 0.047619
name: CROWD
id: 76	num: 3	D: 3	C: 1.000000	L: 187.000000	coop:  2	years: 77	infl: 0.440171	Topsis: 0.006410 Topsis2: 0.047619
name: SCOTTISH MAN
id: 26	num: 3	D: 3	C: 0.333333	L: 211.000000	coop:  2	years: 27	infl: 0.145299	Topsis: 0.006410 Topsis2: 0.047619
name: NOBLE
id: 63	num: 3	D: 4	C: 0.333333	L: 214.000000	coop:  2	years: 64	infl: 0.091346	Topsis: 0.006410 Topsis2: 0.071429
name: JOHN
id: 3	num: 3	D: 2	C: 0.000000	L: 226.000000	coop:  2	years: 4	infl: 0.182692	Topsis: 0.006410 Topsis2: 0.023810
name: SOLDIER
id: 30	num: 3	D: 4	C: 0.333333	L: 244.000000	coop:  2	years: 31	infl: 0.054487	Topsis: 0.006410 Topsis2: 0.071429
name: ASSASSIN
id: 73	num: 2	D: 2	C: 1.000000	L: 184.000000	coop:  1	years: 74	infl: 0.605769	Topsis: 0.000000 Topsis2: 0.023810
name: DEAD PAGE BOY
id: 4	num: 2	D: 2	C: 1.000000	L: 190.000000	coop:  1	years: 5	infl: 0.538462	Topsis: 0.000000 Topsis2: 0.023810
name: RUNNER
id: 49	num: 2	D: 2	C: 1.000000	L: 191.000000	coop:  1	years: 50	infl: 0.512821	Topsis: 0.000000 Topsis2: 0.023810
name: COMMON MAN
id: 75	num: 2	D: 2	C: 1.000000	L: 191.000000	coop:  1	years: 76	infl: 0.516026	Topsis: 0.000000 Topsis2: 0.023810
name: DEAD MALCOLM
id: 14	num: 2	D: 2	C: 0.000000	L: 191.000000	coop:  1	years: 15	infl: 0.500000	Topsis: 0.000000 Topsis2: 0.023810
name: SCOTS
id: 55	num: 2	D: 2	C: 1.000000	L: 192.000000	coop:  1	years: 56	infl: 0.522436	Topsis: 0.000000 Topsis2: 0.023810
name: BOYS
id: 9	num: 2	D: 1	C: 0.000000	L: 193.000000	coop:  1	years: 10	infl: 1.000000	Topsis: 0.000000 Topsis2: 0.000000
name: GIRL
id: 24	num: 2	D: 1	C: 0.000000	L: 193.000000	coop:  1	years: 25	infl: 1.000000	Topsis: 0.000000 Topsis2: 0.000000
name: ENGLISH NOBLE
id: 77	num: 2	D: 2	C: 1.000000	L: 223.000000	coop:  1	years: 78	infl: 0.173077	Topsis: 0.000000 Topsis2: 0.023810
name: PRIEST
id: 10	num: 2	D: 2	C: 0.000000	L: 225.000000	coop:  1	years: 11	infl: 0.067308	Topsis: 0.000000 Topsis2: 0.023810
name: WATCH GUARD
id: 37	num: 2	D: 2	C: 0.000000	L: 228.000000	coop:  1	years: 38	infl: 0.076923	Topsis: 0.000000 Topsis2: 0.023810
name: MACGREGOR
id: 65	num: 2	D: 2	C: 0.000000	L: 229.000000	coop:  1	years: 66	infl: 0.182692	Topsis: 0.000000 Topsis2: 0.023810
name: ENGLISH COMMANDER
id: 67	num: 2	D: 2	C: 1.000000	L: 233.000000	coop:  1	years: 68	infl: 0.125000	Topsis: 0.000000 Topsis2: 0.023810
name: CROWD OF SOCTSMAN
id: 36	num: 2	D: 1	C: 0.000000	L: 233.000000	coop:  1	years: 37	infl: 0.128205	Topsis: 0.000000 Topsis2: 0.000000
name: ENGLISH LEADER
id: 44	num: 2	D: 2	C: 0.000000	L: 234.000000	coop:  1	years: 45	infl: 0.099359	Topsis: 0.000000 Topsis2: 0.023810
name: COMMON SCOT C
id: 72	num: 2	D: 2	C: 0.000000	L: 234.000000	coop:  1	years: 73	infl: 0.105769	Topsis: 0.000000 Topsis2: 0.023810
name: SCOTISH NOBLE
id: 69	num: 2	D: 2	C: 0.000000	L: 235.000000	coop:  1	years: 70	infl: 0.073718	Topsis: 0.000000 Topsis2: 0.023810
name: LEPEL
id: 64	num: 2	D: 1	C: 0.000000	L: 237.000000	coop:  1	years: 65	infl: 0.198718	Topsis: 0.000000 Topsis2: 0.000000
name: ADVISOR
id: 19	num: 2	D: 1	C: 0.000000	L: 238.000000	coop:  1	years: 20	infl: 0.211538	Topsis: 0.000000 Topsis2: 0.000000
name: ADVISER
id: 20	num: 2	D: 1	C: 0.000000	L: 238.000000	coop:  1	years: 21	infl: 0.211538	Topsis: 0.000000 Topsis2: 0.000000
name: MORNAY'S MEN
id: 68	num: 2	D: 2	C: 0.000000	L: 243.000000	coop:  1	years: 69	infl: 0.048077	Topsis: 0.000000 Topsis2: 0.023810
name: CAMPBELL (AND OTHERS)
id: 7	num: 2	D: 2	C: 1.000000	L: 247.000000	coop:  1	years: 8	infl: 0.070513	Topsis: 0.000000 Topsis2: 0.023810
name: SOLDIER C
id: 33	num: 2	D: 2	C: 0.000000	L: 247.000000	coop:  1	years: 34	infl: 0.092949	Topsis: 0.000000 Topsis2: 0.023810
name: WATCHMAN
id: 35	num: 2	D: 2	C: 1.000000	L: 252.000000	coop:  1	years: 36	infl: 0.006410	Topsis: 0.000000 Topsis2: 0.023810
name: ENGLISH SOLIDER
id: 43	num: 2	D: 2	C: 0.000000	L: 254.000000	coop:  1	years: 44	infl: 0.016026	Topsis: 0.000000 Topsis2: 0.023810
name: WILLIAM&COMPELL
id: 40	num: 2	D: 2	C: 0.000000	L: 256.000000	coop:  1	years: 41	infl: 0.003205	Topsis: 0.000000 Topsis2: 0.023810
name: SOLDIER A
id: 31	num: 2	D: 2	C: 0.000000	L: 257.000000	coop:  1	years: 32	infl: 0.012821	Topsis: 0.000000 Topsis2: 0.023810
name: ARGYLE&WILLIAM
id: 13	num: 2	D: 2	C: 0.000000	L: 259.000000	coop:  1	years: 14	infl: 0.009615	Topsis: 0.000000 Topsis2: 0.023810
name:  ENGLISH SOLIDER
id: 41	num: 2	D: 2	C: 0.000000	L: 259.000000	coop:  1	years: 42	infl: 0.009615	Topsis: 0.000000 Topsis2: 0.023810
name: COMMON SCOT A
id: 70	num: 2	D: 2	C: 0.000000	L: 286.000000	coop:  1	years: 71	infl: 0.003205	Topsis: 0.000000 Topsis2: 0.023810
name: COMMON SCOT B
id: 71	num: 2	D: 2	C: 0.000000	L: 300.000000	coop:  1	years: 72	infl: 0.000000	Topsis: 0.000000 Topsis2: 0.023810
name: -SOLDIER B
id: 32	num: 2	D: 2	C: 0.000000	L: 320.000000	coop:  1	years: 33	infl: 0.000000	Topsis: 0.000000 Topsis2: 0.023810
